<?xml version="1.0" encoding="UTF-8"?>
<testsuite xmlns:xsi="http://www.w3.org/2001/XMLSchema-instance" xsi:noNamespaceSchemaLocation="https://maven.apache.org/surefire/maven-surefire-plugin/xsd/surefire-test-report.xsd" name="uk.gov.dwp.uc.pairtest.controller.TicketPurchaseControllerTest" time="11.594" tests="2" errors="2" skipped="0" failures="0">
  <properties>
[...]
</properties>
  <testcase name="purchaseThrowsBadRequestWithValidPurchaseRequest" classname="uk.gov.dwp.uc.pairtest.controller.TicketPurchaseControllerTest" time="0.613">
    <error message="Request processing failed; nested exception is org.springframework.http.converter.HttpMessageConversionException: Type definition error: [simple type, class uk.gov.dwp.uc.pairtest.domain.TicketTypeRequest]; nested exception is com.fasterxml.jackson.databind.exc.InvalidDefinitionException: Cannot construct instance of `uk.gov.dwp.uc.pairtest.domain.TicketTypeRequest` (no Creators, like default constructor, exist): cannot deserialize from Object value (no delegate- or property-based Creator)&#10; at [Source: (org.springframework.util.StreamUtils$NonClosingInputStream); line: 1, column: 14] (through reference chain: uk.gov.dwp.uc.pairtest.domain.PurchaseRequest[&quot;tickets&quot;]-&gt;java.lang.Object[][0])" type="org.springframework.web.util.NestedServletException">org.springframework.web.util.NestedServletException: 
Request processing failed; nested exception is org.springframework.http.converter.HttpMessageConversionException: Type definition error: [simple type, class uk.gov.dwp.uc.pairtest.domain.TicketTypeRequest]; nested exception is com.fasterxml.jackson.databind.exc.InvalidDefinitionException: Cannot construct instance of `uk.gov.dwp.uc.pairtest.domain.TicketTypeRequest` (no Creators, like default constructor, exist): cannot deserialize from Object value (no delegate- or property-based Creator)
 at [Source: (org.springframework.util.StreamUtils$NonClosingInputStream); line: 1, column: 14] (through reference chain: uk.gov.dwp.uc.pairtest.domain.PurchaseRequest["tickets"]->java.lang.Object[][0])
	at uk.gov.dwp.uc.pairtest.controller.TicketPurchaseControllerTest.purchaseThrowsBadRequestWithValidPurchaseRequest(TicketPurchaseControllerTest.java:43)
Caused by: org.springframework.http.converter.HttpMessageConversionException: 
Type definition error: [simple type, class uk.gov.dwp.uc.pairtest.domain.TicketTypeRequest]; nested exception is com.fasterxml.jackson.databind.exc.InvalidDefinitionException: Cannot construct instance of `uk.gov.dwp.uc.pairtest.domain.TicketTypeRequest` (no Creators, like default constructor, exist): cannot deserialize from Object value (no delegate- or property-based Creator)
 at [Source: (org.springframework.util.StreamUtils$NonClosingInputStream); line: 1, column: 14] (through reference chain: uk.gov.dwp.uc.pairtest.domain.PurchaseRequest["tickets"]->java.lang.Object[][0])
	at uk.gov.dwp.uc.pairtest.controller.TicketPurchaseControllerTest.purchaseThrowsBadRequestWithValidPurchaseRequest(TicketPurchaseControllerTest.java:43)
Caused by: com.fasterxml.jackson.databind.exc.InvalidDefinitionException: 
Cannot construct instance of `uk.gov.dwp.uc.pairtest.domain.TicketTypeRequest` (no Creators, like default constructor, exist): cannot deserialize from Object value (no delegate- or property-based Creator)
 at [Source: (org.springframework.util.StreamUtils$NonClosingInputStream); line: 1, column: 14] (through reference chain: uk.gov.dwp.uc.pairtest.domain.PurchaseRequest["tickets"]->java.lang.Object[][0])
	at uk.gov.dwp.uc.pairtest.controller.TicketPurchaseControllerTest.purchaseThrowsBadRequestWithValidPurchaseRequest(TicketPurchaseControllerTest.java:43)
</error>
    <system-out><![CDATA[11:33:16.330 [main] DEBUG org.springframework.test.context.BootstrapUtils - Instantiating CacheAwareContextLoaderDelegate from class [org.springframework.test.context.cache.DefaultCacheAwareContextLoaderDelegate]
11:33:16.377 [main] DEBUG org.springframework.test.context.BootstrapUtils - Instantiating BootstrapContext using constructor [public org.springframework.test.context.support.DefaultBootstrapContext(java.lang.Class,org.springframework.test.context.CacheAwareContextLoaderDelegate)]
11:33:16.483 [main] DEBUG org.springframework.test.context.BootstrapUtils - Instantiating TestContextBootstrapper for test class [uk.gov.dwp.uc.pairtest.controller.TicketPurchaseControllerTest] from class [org.springframework.boot.test.context.SpringBootTestContextBootstrapper]
11:33:16.530 [main] INFO org.springframework.boot.test.context.SpringBootTestContextBootstrapper - Neither @ContextConfiguration nor @ContextHierarchy found for test class [uk.gov.dwp.uc.pairtest.controller.TicketPurchaseControllerTest], using SpringBootContextLoader
11:33:16.599 [main] DEBUG org.springframework.test.context.support.AbstractContextLoader - Did not detect default resource location for test class [uk.gov.dwp.uc.pairtest.controller.TicketPurchaseControllerTest]: class path resource [uk/gov/dwp/uc/pairtest/controller/TicketPurchaseControllerTest-context.xml] does not exist
11:33:16.599 [main] DEBUG org.springframework.test.context.support.AbstractContextLoader - Did not detect default resource location for test class [uk.gov.dwp.uc.pairtest.controller.TicketPurchaseControllerTest]: class path resource [uk/gov/dwp/uc/pairtest/controller/TicketPurchaseControllerTestContext.groovy] does not exist
11:33:16.599 [main] INFO org.springframework.test.context.support.AbstractContextLoader - Could not detect default resource locations for test class [uk.gov.dwp.uc.pairtest.controller.TicketPurchaseControllerTest]: no resource found for suffixes {-context.xml, Context.groovy}.
11:33:16.615 [main] INFO org.springframework.test.context.support.AnnotationConfigContextLoaderUtils - Could not detect default configuration classes for test class [uk.gov.dwp.uc.pairtest.controller.TicketPurchaseControllerTest]: TicketPurchaseControllerTest does not declare any static, non-private, non-final, nested classes annotated with @Configuration.
11:33:17.162 [main] DEBUG org.springframework.test.context.support.ActiveProfilesUtils - Could not find an 'annotation declaring class' for annotation type [org.springframework.test.context.ActiveProfiles] and class [uk.gov.dwp.uc.pairtest.controller.TicketPurchaseControllerTest]
11:33:17.546 [main] DEBUG org.springframework.context.annotation.ClassPathScanningCandidateComponentProvider - Identified candidate component class: file [L:\My Drive\Main PC\All Documents\My Work\Permenent Positions\Capgemini\Exit Plan\DWP\cinema-tickets\target\classes\uk\gov\dwp\uc\pairtest\CinemaTicketsApplication.class]
11:33:17.562 [main] INFO org.springframework.boot.test.context.SpringBootTestContextBootstrapper - Found @SpringBootConfiguration uk.gov.dwp.uc.pairtest.CinemaTicketsApplication for test class uk.gov.dwp.uc.pairtest.controller.TicketPurchaseControllerTest
11:33:17.983 [main] DEBUG org.springframework.boot.test.context.SpringBootTestContextBootstrapper - @TestExecutionListeners is not present for class [uk.gov.dwp.uc.pairtest.controller.TicketPurchaseControllerTest]: using defaults.
11:33:17.985 [main] INFO org.springframework.boot.test.context.SpringBootTestContextBootstrapper - Loaded default TestExecutionListener class names from location [META-INF/spring.factories]: [org.springframework.boot.test.mock.mockito.MockitoTestExecutionListener, org.springframework.boot.test.mock.mockito.ResetMocksTestExecutionListener, org.springframework.boot.test.autoconfigure.restdocs.RestDocsTestExecutionListener, org.springframework.boot.test.autoconfigure.web.client.MockRestServiceServerResetTestExecutionListener, org.springframework.boot.test.autoconfigure.web.servlet.MockMvcPrintOnlyOnFailureTestExecutionListener, org.springframework.boot.test.autoconfigure.web.servlet.WebDriverTestExecutionListener, org.springframework.boot.test.autoconfigure.webservices.client.MockWebServiceServerTestExecutionListener, org.springframework.test.context.web.ServletTestExecutionListener, org.springframework.test.context.support.DirtiesContextBeforeModesTestExecutionListener, org.springframework.test.context.event.ApplicationEventsTestExecutionListener, org.springframework.test.context.support.DependencyInjectionTestExecutionListener, org.springframework.test.context.support.DirtiesContextTestExecutionListener, org.springframework.test.context.transaction.TransactionalTestExecutionListener, org.springframework.test.context.jdbc.SqlScriptsTestExecutionListener, org.springframework.test.context.event.EventPublishingTestExecutionListener]
11:33:18.016 [main] DEBUG org.springframework.boot.test.context.SpringBootTestContextBootstrapper - Skipping candidate TestExecutionListener [org.springframework.test.context.transaction.TransactionalTestExecutionListener] due to a missing dependency. Specify custom listener classes or make the default listener classes and their required dependencies available. Offending class: [org/springframework/transaction/interceptor/TransactionAttributeSource]
11:33:18.016 [main] DEBUG org.springframework.boot.test.context.SpringBootTestContextBootstrapper - Skipping candidate TestExecutionListener [org.springframework.test.context.jdbc.SqlScriptsTestExecutionListener] due to a missing dependency. Specify custom listener classes or make the default listener classes and their required dependencies available. Offending class: [org/springframework/transaction/interceptor/TransactionAttribute]
11:33:18.016 [main] INFO org.springframework.boot.test.context.SpringBootTestContextBootstrapper - Using TestExecutionListeners: [org.springframework.test.context.web.ServletTestExecutionListener@478ee483, org.springframework.test.context.support.DirtiesContextBeforeModesTestExecutionListener@1a7288a3, org.springframework.test.context.event.ApplicationEventsTestExecutionListener@2974f221, org.springframework.boot.test.mock.mockito.MockitoTestExecutionListener@58fe0499, org.springframework.boot.test.autoconfigure.SpringBootDependencyInjectionTestExecutionListener@686449f9, org.springframework.test.context.support.DirtiesContextTestExecutionListener@665df3c6, org.springframework.test.context.event.EventPublishingTestExecutionListener@68b6f0d6, org.springframework.boot.test.mock.mockito.ResetMocksTestExecutionListener@4044fb95, org.springframework.boot.test.autoconfigure.restdocs.RestDocsTestExecutionListener@aa549e5, org.springframework.boot.test.autoconfigure.web.client.MockRestServiceServerResetTestExecutionListener@36f48b4, org.springframework.boot.test.autoconfigure.web.servlet.MockMvcPrintOnlyOnFailureTestExecutionListener@5c00384f, org.springframework.boot.test.autoconfigure.web.servlet.WebDriverTestExecutionListener@3b7ff809, org.springframework.boot.test.autoconfigure.webservices.client.MockWebServiceServerTestExecutionListener@1bb564e2]
11:33:18.032 [main] DEBUG org.springframework.test.context.support.AbstractDirtiesContextTestExecutionListener - Before test class: context [DefaultTestContext@a5bd950 testClass = TicketPurchaseControllerTest, testInstance = [null], testMethod = [null], testException = [null], mergedContextConfiguration = [WebMergedContextConfiguration@4d18aa28 testClass = TicketPurchaseControllerTest, locations = '{}', classes = '{class uk.gov.dwp.uc.pairtest.CinemaTicketsApplication}', contextInitializerClasses = '[]', activeProfiles = '{}', propertySourceLocations = '{}', propertySourceProperties = '{org.springframework.boot.test.context.SpringBootTestContextBootstrapper=true}', contextCustomizers = set[[ImportsContextCustomizer@75390459 key = [org.springframework.boot.test.autoconfigure.web.servlet.MockMvcAutoConfiguration, org.springframework.boot.test.autoconfigure.web.servlet.MockMvcWebClientAutoConfiguration, org.springframework.boot.test.autoconfigure.web.servlet.MockMvcWebDriverAutoConfiguration, org.springframework.boot.autoconfigure.security.oauth2.client.servlet.OAuth2ClientAutoConfiguration, org.springframework.boot.autoconfigure.security.oauth2.resource.servlet.OAuth2ResourceServerAutoConfiguration, org.springframework.boot.autoconfigure.security.servlet.SecurityAutoConfiguration, org.springframework.boot.autoconfigure.security.servlet.SecurityFilterAutoConfiguration, org.springframework.boot.autoconfigure.security.servlet.UserDetailsServiceAutoConfiguration, org.springframework.boot.test.autoconfigure.web.servlet.MockMvcSecurityConfiguration, org.springframework.boot.test.autoconfigure.web.reactive.WebTestClientAutoConfiguration]], org.springframework.boot.test.context.filter.ExcludeFilterContextCustomizer@12a94400, org.springframework.boot.test.json.DuplicateJsonObjectContextCustomizerFactory$DuplicateJsonObjectContextCustomizer@1ef6d34c, org.springframework.boot.test.mock.mockito.MockitoContextCustomizer@5874dc95, org.springframework.boot.test.web.client.TestRestTemplateContextCustomizer@662706a7, org.springframework.boot.test.autoconfigure.actuate.metrics.MetricsExportContextCustomizerFactory$DisableMetricExportContextCustomizer@2474f125, org.springframework.boot.test.autoconfigure.properties.PropertyMappingContextCustomizer@4b3fa0b3, org.springframework.boot.test.autoconfigure.web.servlet.WebDriverContextCustomizerFactory$Customizer@5e3d57c7, org.springframework.boot.test.context.SpringBootTestArgs@1, org.springframework.boot.test.context.SpringBootTestWebEnvironment@21de60b4], resourceBasePath = 'src/main/webapp', contextLoader = 'org.springframework.boot.test.context.SpringBootContextLoader', parent = [null]], attributes = map['org.springframework.test.context.web.ServletTestExecutionListener.activateListener' -> true]], class annotated with @DirtiesContext [false] with mode [null].

  .   ____          _            __ _ _
 /\\ / ___'_ __ _ _(_)_ __  __ _ \ \ \ \
( ( )\___ | '_ | '_| | '_ \/ _` | \ \ \ \
 \\/  ___)| |_)| | | | | || (_| |  ) ) ) )
  '  |____| .__|_| |_|_| |_\__, | / / / /
 =========|_|==============|___/=/_/_/_/
 :: Spring Boot ::                (v2.6.5)

2022-04-23 11:33:19.235  INFO 16320 --- [           main] u.g.d.u.p.c.TicketPurchaseControllerTest : Starting TicketPurchaseControllerTest using Java 11.0.10 on I7-DESKTOP with PID 16320 (started by Pohodhika in L:\My Drive\Main PC\All Documents\My Work\Permenent Positions\Capgemini\Exit Plan\DWP\cinema-tickets)
2022-04-23 11:33:19.239  INFO 16320 --- [           main] u.g.d.u.p.c.TicketPurchaseControllerTest : No active profile set, falling back to 1 default profile: "default"
2022-04-23 11:33:26.910  INFO 16320 --- [           main] o.s.b.t.m.w.SpringBootMockServletContext : Initializing Spring TestDispatcherServlet ''
2022-04-23 11:33:26.910  INFO 16320 --- [           main] o.s.t.web.servlet.TestDispatcherServlet  : Initializing Servlet ''
2022-04-23 11:33:26.911  INFO 16320 --- [           main] o.s.t.web.servlet.TestDispatcherServlet  : Completed initialization in 1 ms
2022-04-23 11:33:26.952  INFO 16320 --- [           main] u.g.d.u.p.c.TicketPurchaseControllerTest : Started TicketPurchaseControllerTest in 8.79 seconds (JVM running for 12.439)
]]></system-out>
  </testcase>
  <testcase name="purchaseReturn_200_WithValidPurchaseRequest" classname="uk.gov.dwp.uc.pairtest.controller.TicketPurchaseControllerTest" time="0.015">
    <error message="Request processing failed; nested exception is org.springframework.http.converter.HttpMessageConversionException: Type definition error: [simple type, class uk.gov.dwp.uc.pairtest.domain.TicketTypeRequest]; nested exception is com.fasterxml.jackson.databind.exc.InvalidDefinitionException: Cannot construct instance of `uk.gov.dwp.uc.pairtest.domain.TicketTypeRequest` (no Creators, like default constructor, exist): cannot deserialize from Object value (no delegate- or property-based Creator)&#10; at [Source: (org.springframework.util.StreamUtils$NonClosingInputStream); line: 1, column: 14] (through reference chain: uk.gov.dwp.uc.pairtest.domain.PurchaseRequest[&quot;tickets&quot;]-&gt;java.lang.Object[][0])" type="org.springframework.web.util.NestedServletException">org.springframework.web.util.NestedServletException: 
Request processing failed; nested exception is org.springframework.http.converter.HttpMessageConversionException: Type definition error: [simple type, class uk.gov.dwp.uc.pairtest.domain.TicketTypeRequest]; nested exception is com.fasterxml.jackson.databind.exc.InvalidDefinitionException: Cannot construct instance of `uk.gov.dwp.uc.pairtest.domain.TicketTypeRequest` (no Creators, like default constructor, exist): cannot deserialize from Object value (no delegate- or property-based Creator)
 at [Source: (org.springframework.util.StreamUtils$NonClosingInputStream); line: 1, column: 14] (through reference chain: uk.gov.dwp.uc.pairtest.domain.PurchaseRequest["tickets"]->java.lang.Object[][0])
	at uk.gov.dwp.uc.pairtest.controller.TicketPurchaseControllerTest.purchaseReturn_200_WithValidPurchaseRequest(TicketPurchaseControllerTest.java:58)
Caused by: org.springframework.http.converter.HttpMessageConversionException: 
Type definition error: [simple type, class uk.gov.dwp.uc.pairtest.domain.TicketTypeRequest]; nested exception is com.fasterxml.jackson.databind.exc.InvalidDefinitionException: Cannot construct instance of `uk.gov.dwp.uc.pairtest.domain.TicketTypeRequest` (no Creators, like default constructor, exist): cannot deserialize from Object value (no delegate- or property-based Creator)
 at [Source: (org.springframework.util.StreamUtils$NonClosingInputStream); line: 1, column: 14] (through reference chain: uk.gov.dwp.uc.pairtest.domain.PurchaseRequest["tickets"]->java.lang.Object[][0])
	at uk.gov.dwp.uc.pairtest.controller.TicketPurchaseControllerTest.purchaseReturn_200_WithValidPurchaseRequest(TicketPurchaseControllerTest.java:58)
Caused by: com.fasterxml.jackson.databind.exc.InvalidDefinitionException: 
Cannot construct instance of `uk.gov.dwp.uc.pairtest.domain.TicketTypeRequest` (no Creators, like default constructor, exist): cannot deserialize from Object value (no delegate- or property-based Creator)
 at [Source: (org.springframework.util.StreamUtils$NonClosingInputStream); line: 1, column: 14] (through reference chain: uk.gov.dwp.uc.pairtest.domain.PurchaseRequest["tickets"]->java.lang.Object[][0])
	at uk.gov.dwp.uc.pairtest.controller.TicketPurchaseControllerTest.purchaseReturn_200_WithValidPurchaseRequest(TicketPurchaseControllerTest.java:58)
</error>
  </testcase>
</testsuite>